<?xml version="1.0" encoding="UTF-8"?>
<!-- Generated by org.testng.reporters.JUnitReportReporter -->
<testsuite skipped="0" hostname="Nidhi" name="TC07_PUT_UpdateDetails" tests="1" failures="0" timestamp="27 Apr 2021 19:59:24 GMT" time="3.336" errors="0">
  <testcase name="putUpdateDetail" time="3.336" classname="TC07_PUT_UpdateDetails"/>
</testsuite> <!-- TC07_PUT_UpdateDetails -->
