<?xml version="1.0" encoding="UTF-8"?>
<!-- Generated by org.testng.reporters.JUnitReportReporter -->
<testsuite skipped="0" hostname="Nidhi" name="TC04_GET_validateJSON_Response" tests="1" failures="0" timestamp="27 Apr 2021 17:55:16 GMT" time="3.282" errors="0">
  <testcase name="validateJSON" time="3.282" classname="TC04_GET_validateJSON_Response"/>
</testsuite> <!-- TC04_GET_validateJSON_Response -->
