<?xml version="1.0" encoding="UTF-8"?>
<!-- Generated by org.testng.reporters.JUnitReportReporter -->
<testsuite skipped="0" hostname="Nidhi" name="TC02_POST_sendDetails" tests="1" failures="0" timestamp="28 Apr 2021 09:39:17 GMT" time="4.622" errors="0">
  <testcase name="sendUserDetail" time="4.622" classname="TC02_POST_sendDetails"/>
</testsuite> <!-- TC02_POST_sendDetails -->
