<?xml version="1.0" encoding="UTF-8"?>
<!-- Generated by org.testng.reporters.JUnitReportReporter -->
<testsuite skipped="0" hostname="Nidhi" name="TC01_GET_Request" tests="1" failures="0" timestamp="27 Apr 2021 15:30:05 GMT" time="3.451" errors="0">
  <testcase name="getUserDetails" time="3.451" classname="TC01_GET_Request"/>
</testsuite> <!-- TC01_GET_Request -->
