<?xml version="1.0" encoding="UTF-8"?>
<!-- Generated by org.testng.reporters.JUnitReportReporter -->
<testsuite skipped="0" hostname="Nidhi" name="TC05_GET_validateJSON_All_Values" tests="1" failures="0" timestamp="27 Apr 2021 18:15:27 GMT" time="5.766" errors="0">
  <testcase name="validateJSONAllValues" time="5.766" classname="TC05_GET_validateJSON_All_Values"/>
</testsuite> <!-- TC05_GET_validateJSON_All_Values -->
