<?xml version="1.0" encoding="UTF-8"?>
<!-- Generated by org.testng.reporters.JUnitReportReporter -->
<testsuite skipped="0" hostname="Nidhi" name="TC08_DELETE_UserDetails" tests="1" failures="0" timestamp="28 Apr 2021 09:44:55 GMT" time="3.303" errors="0">
  <testcase name="delUserDetails" time="3.303" classname="TC08_DELETE_UserDetails"/>
</testsuite> <!-- TC08_DELETE_UserDetails -->
