<?xml version="1.0" encoding="UTF-8"?>
<!-- Generated by org.testng.reporters.JUnitReportReporter -->
<testsuite skipped="0" hostname="Nidhi" name="TC03_GET_Request" tests="1" failures="0" timestamp="27 Apr 2021 17:43:59 GMT" time="3.363" errors="0">
  <testcase name="getHeaderDetails" time="3.363" classname="TC03_GET_Request"/>
</testsuite> <!-- TC03_GET_Request -->
